c:\linh h. pham\private code\flip coin\flip coin\x64\debug\vc143.pdb
c:\linh h. pham\private code\flip coin\flip coin\x64\debug\vc143.idb
c:\linh h. pham\private code\flip coin\flip coin\x64\debug\coinflipbet.obj
c:\linh h. pham\private code\flip coin\x64\debug\flip coin.exe
c:\linh h. pham\private code\flip coin\flip coin\x64\debug\flip coin.ilk
c:\linh h. pham\private code\flip coin\x64\debug\flip coin.pdb
c:\linh h. pham\github\private-code\flip coin\flip coin\x64\debug\coinflip.obj
c:\linh h. pham\github\private-code\flip coin\flip coin\x64\debug\coinflipbet.obj
c:\linh h. pham\github\private-code\flip coin\flip coin\x64\debug\source.obj
c:\linh h. pham\github\private-code\flip coin\flip coin\x64\debug\flip coin.ilk
c:\linh h. pham\github\private-code\flip coin\flip coin\x64\debug\vc143.idb
c:\linh h. pham\github\private-code\flip coin\flip coin\x64\debug\vc143.pdb
c:\linh h. pham\github\private-code\flip coin\x64\debug\flip coin.pdb
c:\linh h. pham\github\private-code\flip coin\x64\debug\flip coin.exe
c:\linh h. pham\github\private-code\flip coin\flip coin\x64\debug\flip coin.tlog\cl.command.1.tlog
c:\linh h. pham\github\private-code\flip coin\flip coin\x64\debug\flip coin.tlog\cl.read.1.tlog
c:\linh h. pham\github\private-code\flip coin\flip coin\x64\debug\flip coin.tlog\cl.write.1.tlog
c:\linh h. pham\github\private-code\flip coin\flip coin\x64\debug\flip coin.tlog\link.command.1.tlog
c:\linh h. pham\github\private-code\flip coin\flip coin\x64\debug\flip coin.tlog\link.read.1.tlog
c:\linh h. pham\github\private-code\flip coin\flip coin\x64\debug\flip coin.tlog\link.write.1.tlog
